<?xml version="1.0" encoding="UTF-8"?>
<!-- Generated by org.testng.reporters.JUnitXMLReporter -->
<testsuite ignored="0" hostname="DESKTOP-4C1PAFP" failures="0" tests="4" name="Surefire test" time="68.553" errors="0" timestamp="2026-05-25T13:50:35 IST">
  <testcase classname="com.Tests.HomeTest" name="homeTest" time="0.002"/>
  <testcase classname="com.Tests.LoginTest" name="loginTest" time="0.013"/>
  <testcase classname="com.Tests.LoginTest" name="getLoginData" time="0.801"/>
  <testcase classname="io.cucumber.testng.AbstractTestNGCucumberTests" name="runScenario" time="67.639"/>
</testsuite> <!-- Surefire test -->
