<?xml version="1.0" encoding="UTF-8"?>
<testng-results ignored="0" total="4" passed="4" failed="0" skipped="0">
  <reporter-output>
  </reporter-output>
  <suite started-at="2026-05-25T13:49:26 IST" name="Surefire suite" finished-at="2026-05-25T13:50:35 IST" duration-ms="68553">
    <groups>
      <group name="cucumber">
        <method signature="AbstractTestNGCucumberTests.runScenario(io.cucumber.testng.PickleWrapper,io.cucumber.testng.FeatureWrapper)[pri:0, instance:com.Runner.TestRunner@42e99e4a]" name="runScenario" class="io.cucumber.testng.AbstractTestNGCucumberTests"/>
      </group> <!-- cucumber -->
    </groups>
    <test started-at="2026-05-25T13:49:26 IST" name="Surefire test" finished-at="2026-05-25T13:50:35 IST" duration-ms="68553">
      <class name="com.Tests.HomeTest">
        <test-method signature="homeTest()[pri:0, instance:com.Tests.HomeTest@71809907]" started-at="2026-05-25T13:49:26 IST" name="homeTest" finished-at="2026-05-25T13:49:26 IST" duration-ms="2" status="PASS">
          <reporter-output>
          </reporter-output>
        </test-method> <!-- homeTest -->
      </class> <!-- com.Tests.HomeTest -->
      <class name="com.Runner.TestRunner">
        <test-method is-config="true" signature="setUpClass(org.testng.ITestContext)[pri:0, instance:com.Runner.TestRunner@42e99e4a]" started-at="2026-05-25T13:49:26 IST" name="setUpClass" finished-at="2026-05-25T13:49:27 IST" duration-ms="702" status="PASS">
          <params>
            <param index="0">
              <value>
                <![CDATA[org.testng.TestRunner@1b70203f]]>
              </value>
            </param>
          </params>
          <reporter-output>
          </reporter-output>
        </test-method> <!-- setUpClass -->
        <test-method is-config="true" signature="setBrowser(java.lang.String)[pri:0, instance:com.Runner.TestRunner@42e99e4a]" started-at="2026-05-25T13:49:27 IST" name="setBrowser" finished-at="2026-05-25T13:49:27 IST" duration-ms="3" status="PASS">
          <params>
            <param index="0">
              <value>
                <![CDATA[edge]]>
              </value>
            </param>
          </params>
          <reporter-output>
          </reporter-output>
        </test-method> <!-- setBrowser -->
        <test-method signature="runScenario(io.cucumber.testng.PickleWrapper,io.cucumber.testng.FeatureWrapper)[pri:0, instance:com.Runner.TestRunner@42e99e4a]" started-at="2026-05-25T13:49:27 IST" name="runScenario" description="Runs Cucumber Scenarios" data-provider="scenarios" finished-at="2026-05-25T13:50:35 IST" duration-ms="67639" status="PASS">
          <params>
            <param index="0">
              <value>
                <![CDATA["Login functionality"]]>
              </value>
            </param>
            <param index="1">
              <value>
                <![CDATA["Login into application"]]>
              </value>
            </param>
          </params>
          <reporter-output>
          </reporter-output>
        </test-method> <!-- runScenario -->
        <test-method is-config="true" signature="tearDownClass()[pri:0, instance:com.Runner.TestRunner@42e99e4a]" started-at="2026-05-25T13:50:35 IST" name="tearDownClass" finished-at="2026-05-25T13:50:35 IST" duration-ms="30" status="PASS">
          <reporter-output>
          </reporter-output>
        </test-method> <!-- tearDownClass -->
      </class> <!-- com.Runner.TestRunner -->
      <class name="com.Tests.LoginTest">
        <test-method signature="loginTest()[pri:0, instance:com.Tests.LoginTest@4ef782af]" started-at="2026-05-25T13:49:26 IST" name="loginTest" finished-at="2026-05-25T13:49:26 IST" duration-ms="13" status="PASS">
          <reporter-output>
          </reporter-output>
        </test-method> <!-- loginTest -->
        <test-method signature="getLoginData()[pri:0, instance:com.Tests.LoginTest@4ef782af]" started-at="2026-05-25T13:49:26 IST" name="getLoginData" finished-at="2026-05-25T13:49:27 IST" duration-ms="801" status="PASS">
          <reporter-output>
          </reporter-output>
        </test-method> <!-- getLoginData -->
      </class> <!-- com.Tests.LoginTest -->
    </test> <!-- Surefire test -->
  </suite> <!-- Surefire suite -->
</testng-results>
