<?xml version="1.0" encoding="UTF-8"?>
<testng-results ignored="0" total="3" passed="3" failed="0" skipped="0">
  <reporter-output>
  </reporter-output>
  <suite started-at="2026-05-25T13:40:14 IST" name="Suite" finished-at="2026-05-25T13:41:31 IST" duration-ms="76227">
    <groups>
      <group name="cucumber">
        <method signature="AbstractTestNGCucumberTests.runScenario(io.cucumber.testng.PickleWrapper,io.cucumber.testng.FeatureWrapper)[pri:0, instance:com.Runner.TestRunner@5c90e579]" name="runScenario" class="io.cucumber.testng.AbstractTestNGCucumberTests"/>
        <method signature="AbstractTestNGCucumberTests.runScenario(io.cucumber.testng.PickleWrapper,io.cucumber.testng.FeatureWrapper)[pri:0, instance:com.Runner.TestRunner@3943a2be]" name="runScenario" class="io.cucumber.testng.AbstractTestNGCucumberTests"/>
        <method signature="AbstractTestNGCucumberTests.runScenario(io.cucumber.testng.PickleWrapper,io.cucumber.testng.FeatureWrapper)[pri:0, instance:com.Runner.TestRunner@157853da]" name="runScenario" class="io.cucumber.testng.AbstractTestNGCucumberTests"/>
      </group> <!-- cucumber -->
    </groups>
    <test started-at="2026-05-25T13:40:14 IST" name="FireFoxTest" finished-at="2026-05-25T13:41:26 IST" duration-ms="71950">
      <class name="com.Runner.TestRunner">
        <test-method is-config="true" signature="setUpClass(org.testng.ITestContext)[pri:0, instance:com.Runner.TestRunner@3943a2be]" started-at="2026-05-25T13:40:15 IST" name="setUpClass" finished-at="2026-05-25T13:40:15 IST" duration-ms="498" status="PASS">
          <params>
            <param index="0">
              <value>
                <![CDATA[org.testng.TestRunner@10feca44]]>
              </value>
            </param>
          </params>
          <reporter-output>
          </reporter-output>
        </test-method> <!-- setUpClass -->
        <test-method is-config="true" signature="setBrowser(java.lang.String)[pri:0, instance:com.Runner.TestRunner@3943a2be]" started-at="2026-05-25T13:40:15 IST" name="setBrowser" finished-at="2026-05-25T13:40:15 IST" duration-ms="4" status="PASS">
          <params>
            <param index="0">
              <value>
                <![CDATA[firefox]]>
              </value>
            </param>
          </params>
          <reporter-output>
          </reporter-output>
        </test-method> <!-- setBrowser -->
        <test-method signature="runScenario(io.cucumber.testng.PickleWrapper,io.cucumber.testng.FeatureWrapper)[pri:0, instance:com.Runner.TestRunner@3943a2be]" started-at="2026-05-25T13:40:15 IST" name="runScenario" description="Runs Cucumber Scenarios" data-provider="scenarios" finished-at="2026-05-25T13:41:26 IST" duration-ms="71186" status="PASS">
          <params>
            <param index="0">
              <value>
                <![CDATA["Login functionality"]]>
              </value>
            </param>
            <param index="1">
              <value>
                <![CDATA["Login into application"]]>
              </value>
            </param>
          </params>
          <reporter-output>
          </reporter-output>
        </test-method> <!-- runScenario -->
        <test-method is-config="true" signature="tearDownClass()[pri:0, instance:com.Runner.TestRunner@3943a2be]" started-at="2026-05-25T13:41:26 IST" name="tearDownClass" finished-at="2026-05-25T13:41:26 IST" duration-ms="21" status="PASS">
          <reporter-output>
          </reporter-output>
        </test-method> <!-- tearDownClass -->
      </class> <!-- com.Runner.TestRunner -->
    </test> <!-- FireFoxTest -->
    <test started-at="2026-05-25T13:40:14 IST" name="ChromeTest" finished-at="2026-05-25T13:41:26 IST" duration-ms="71944">
      <class name="com.Runner.TestRunner">
        <test-method is-config="true" signature="setUpClass(org.testng.ITestContext)[pri:0, instance:com.Runner.TestRunner@5c90e579]" started-at="2026-05-25T13:40:15 IST" name="setUpClass" finished-at="2026-05-25T13:40:15 IST" duration-ms="498" status="PASS">
          <params>
            <param index="0">
              <value>
                <![CDATA[org.testng.TestRunner@24fcf36f]]>
              </value>
            </param>
          </params>
          <reporter-output>
          </reporter-output>
        </test-method> <!-- setUpClass -->
        <test-method is-config="true" signature="setBrowser(java.lang.String)[pri:0, instance:com.Runner.TestRunner@5c90e579]" started-at="2026-05-25T13:40:15 IST" name="setBrowser" finished-at="2026-05-25T13:40:15 IST" duration-ms="3" status="PASS">
          <params>
            <param index="0">
              <value>
                <![CDATA[chrome]]>
              </value>
            </param>
          </params>
          <reporter-output>
          </reporter-output>
        </test-method> <!-- setBrowser -->
        <test-method signature="runScenario(io.cucumber.testng.PickleWrapper,io.cucumber.testng.FeatureWrapper)[pri:0, instance:com.Runner.TestRunner@5c90e579]" started-at="2026-05-25T13:40:15 IST" name="runScenario" description="Runs Cucumber Scenarios" data-provider="scenarios" finished-at="2026-05-25T13:41:26 IST" duration-ms="71169" status="PASS">
          <params>
            <param index="0">
              <value>
                <![CDATA["Login functionality"]]>
              </value>
            </param>
            <param index="1">
              <value>
                <![CDATA["Login into application"]]>
              </value>
            </param>
          </params>
          <reporter-output>
          </reporter-output>
        </test-method> <!-- runScenario -->
        <test-method is-config="true" signature="tearDownClass()[pri:0, instance:com.Runner.TestRunner@5c90e579]" started-at="2026-05-25T13:41:26 IST" name="tearDownClass" finished-at="2026-05-25T13:41:26 IST" duration-ms="26" status="PASS">
          <reporter-output>
          </reporter-output>
        </test-method> <!-- tearDownClass -->
      </class> <!-- com.Runner.TestRunner -->
    </test> <!-- ChromeTest -->
    <test started-at="2026-05-25T13:40:14 IST" name="EdgeTest" finished-at="2026-05-25T13:41:31 IST" duration-ms="76227">
      <class name="com.Runner.TestRunner">
        <test-method is-config="true" signature="setUpClass(org.testng.ITestContext)[pri:0, instance:com.Runner.TestRunner@157853da]" started-at="2026-05-25T13:40:15 IST" name="setUpClass" finished-at="2026-05-25T13:40:15 IST" duration-ms="499" status="PASS">
          <params>
            <param index="0">
              <value>
                <![CDATA[org.testng.TestRunner@7ea9e1e2]]>
              </value>
            </param>
          </params>
          <reporter-output>
          </reporter-output>
        </test-method> <!-- setUpClass -->
        <test-method is-config="true" signature="setBrowser(java.lang.String)[pri:0, instance:com.Runner.TestRunner@157853da]" started-at="2026-05-25T13:40:15 IST" name="setBrowser" finished-at="2026-05-25T13:40:15 IST" duration-ms="3" status="PASS">
          <params>
            <param index="0">
              <value>
                <![CDATA[edge]]>
              </value>
            </param>
          </params>
          <reporter-output>
          </reporter-output>
        </test-method> <!-- setBrowser -->
        <test-method signature="runScenario(io.cucumber.testng.PickleWrapper,io.cucumber.testng.FeatureWrapper)[pri:0, instance:com.Runner.TestRunner@157853da]" started-at="2026-05-25T13:40:15 IST" name="runScenario" description="Runs Cucumber Scenarios" data-provider="scenarios" finished-at="2026-05-25T13:41:31 IST" duration-ms="75467" status="PASS">
          <params>
            <param index="0">
              <value>
                <![CDATA["Login functionality"]]>
              </value>
            </param>
            <param index="1">
              <value>
                <![CDATA["Login into application"]]>
              </value>
            </param>
          </params>
          <reporter-output>
          </reporter-output>
        </test-method> <!-- runScenario -->
        <test-method is-config="true" signature="tearDownClass()[pri:0, instance:com.Runner.TestRunner@157853da]" started-at="2026-05-25T13:41:31 IST" name="tearDownClass" finished-at="2026-05-25T13:41:31 IST" duration-ms="15" status="PASS">
          <reporter-output>
          </reporter-output>
        </test-method> <!-- tearDownClass -->
      </class> <!-- com.Runner.TestRunner -->
    </test> <!-- EdgeTest -->
  </suite> <!-- Suite -->
</testng-results>
