<?xml version="1.0" encoding="UTF-8"?>
<!-- Generated by org.testng.reporters.JUnitReportReporter -->
<testsuite hostname="DESKTOP-4C1PAFP" failures="0" tests="3" name="com.Runner.TestRunner" time="217.822" errors="0" timestamp="2026-05-25T13:41:31 IST" skipped="0">
  <testcase classname="com.Runner.TestRunner" name="runScenario" time="75.467"/>
  <testcase classname="com.Runner.TestRunner" name="runScenario" time="71.169"/>
  <testcase classname="com.Runner.TestRunner" name="runScenario" time="71.186"/>
</testsuite> <!-- com.Runner.TestRunner -->
